<?xml version="1.0" encoding="UTF-8"?>
<coverage generated="1567671316734" clover="3.2.0">
  <project timestamp="1567671316734" name="All files">
    <metrics statements="50" coveredstatements="9" conditionals="16" coveredconditionals="1" methods="22" coveredmethods="2" elements="88" coveredelements="12" complexity="0" loc="50" ncloc="50" packages="4" files="12" classes="12"/>
    <package name="components">
      <metrics statements="6" coveredstatements="4" conditionals="0" coveredconditionals="0" methods="2" coveredmethods="0"/>
      <file name="Header.js" path="/Users/jeanluctuyishime/Documents/projects/Codelab-native-app/src/components/Header.js">
        <metrics statements="3" coveredstatements="2" conditionals="0" coveredconditionals="0" methods="1" coveredmethods="0"/>
        <line num="4" count="1" type="stmt"/>
        <line num="5" count="0" type="stmt"/>
        <line num="10" count="1" type="stmt"/>
      </file>
      <file name="Input.js" path="/Users/jeanluctuyishime/Documents/projects/Codelab-native-app/src/components/Input.js">
        <metrics statements="3" coveredstatements="2" conditionals="0" coveredconditionals="0" methods="1" coveredmethods="0"/>
        <line num="4" count="1" type="stmt"/>
        <line num="5" count="0" type="stmt"/>
        <line num="20" count="1" type="stmt"/>
      </file>
    </package>
    <package name="helpers">
      <metrics statements="6" coveredstatements="0" conditionals="6" coveredconditionals="0" methods="2" coveredmethods="0"/>
      <file name="Connection.js" path="/Users/jeanluctuyishime/Documents/projects/Codelab-native-app/src/helpers/Connection.js">
        <metrics statements="1" coveredstatements="0" conditionals="0" coveredconditionals="0" methods="0" coveredmethods="0"/>
        <line num="4" count="0" type="stmt"/>
      </file>
      <file name="displayUsers.js" path="/Users/jeanluctuyishime/Documents/projects/Codelab-native-app/src/helpers/displayUsers.js">
        <metrics statements="4" coveredstatements="0" conditionals="6" coveredconditionals="0" methods="2" coveredmethods="0"/>
        <line num="2" count="0" type="stmt"/>
        <line num="3" count="0" type="cond" truecount="0" falsecount="4"/>
        <line num="5" count="0" type="cond" truecount="0" falsecount="2"/>
        <line num="15" count="0" type="stmt"/>
      </file>
      <file name="graphqlQuery.js" path="/Users/jeanluctuyishime/Documents/projects/Codelab-native-app/src/helpers/graphqlQuery.js">
        <metrics statements="1" coveredstatements="0" conditionals="0" coveredconditionals="0" methods="0" coveredmethods="0"/>
        <line num="3" count="0" type="stmt"/>
      </file>
    </package>
    <package name="screens">
      <metrics statements="34" coveredstatements="4" conditionals="10" coveredconditionals="1" methods="18" coveredmethods="2"/>
      <file name="HomeScreen.js" path="/Users/jeanluctuyishime/Documents/projects/Codelab-native-app/src/screens/HomeScreen.js">
        <metrics statements="10" coveredstatements="0" conditionals="4" coveredconditionals="0" methods="5" coveredmethods="0"/>
        <line num="22" count="0" type="stmt"/>
        <line num="26" count="0" type="stmt"/>
        <line num="27" count="0" type="stmt"/>
        <line num="31" count="0" type="stmt"/>
        <line num="34" count="0" type="stmt"/>
        <line num="35" count="0" type="stmt"/>
        <line num="36" count="0" type="cond" truecount="0" falsecount="2"/>
        <line num="52" count="0" type="stmt"/>
        <line num="54" count="0" type="stmt"/>
        <line num="80" count="0" type="stmt"/>
      </file>
      <file name="LoadingScreen.js" path="/Users/jeanluctuyishime/Documents/projects/Codelab-native-app/src/screens/LoadingScreen.js">
        <metrics statements="7" coveredstatements="0" conditionals="2" coveredconditionals="0" methods="4" coveredmethods="0"/>
        <line num="8" count="0" type="stmt"/>
        <line num="9" count="0" type="stmt"/>
        <line num="12" count="0" type="stmt"/>
        <line num="13" count="0" type="stmt"/>
        <line num="14" count="0" type="stmt"/>
        <line num="15" count="0" type="cond" truecount="0" falsecount="2"/>
        <line num="19" count="0" type="stmt"/>
      </file>
      <file name="LoginScreen.js" path="/Users/jeanluctuyishime/Documents/projects/Codelab-native-app/src/screens/LoginScreen.js">
        <metrics statements="17" coveredstatements="4" conditionals="4" coveredconditionals="1" methods="9" coveredmethods="2"/>
        <line num="15" count="1" type="stmt"/>
        <line num="22" count="0" type="stmt"/>
        <line num="23" count="0" type="stmt"/>
        <line num="24" count="0" type="stmt"/>
        <line num="29" count="0" type="stmt"/>
        <line num="34" count="0" type="stmt"/>
        <line num="35" count="0" type="stmt"/>
        <line num="36" count="0" type="cond" truecount="0" falsecount="2"/>
        <line num="37" count="0" type="stmt"/>
        <line num="39" count="0" type="stmt"/>
        <line num="46" count="0" type="stmt"/>
        <line num="55" count="0" type="stmt"/>
        <line num="59" count="1" type="stmt"/>
        <line num="60" count="1" type="cond" truecount="1" falsecount="1"/>
        <line num="75" count="1" type="stmt"/>
        <line num="87" count="0" type="stmt"/>
        <line num="97" count="0" type="stmt"/>
      </file>
    </package>
    <package name="styles">
      <metrics statements="4" coveredstatements="1" conditionals="0" coveredconditionals="0" methods="0" coveredmethods="0"/>
      <file name="ImageStyle.js" path="/Users/jeanluctuyishime/Documents/projects/Codelab-native-app/src/styles/ImageStyle.js">
        <metrics statements="1" coveredstatements="0" conditionals="0" coveredconditionals="0" methods="0" coveredmethods="0"/>
        <line num="1" count="0" type="stmt"/>
      </file>
      <file name="LoadingStyle.js" path="/Users/jeanluctuyishime/Documents/projects/Codelab-native-app/src/styles/LoadingStyle.js">
        <metrics statements="1" coveredstatements="0" conditionals="0" coveredconditionals="0" methods="0" coveredmethods="0"/>
        <line num="1" count="0" type="stmt"/>
      </file>
      <file name="LoginStyle.js" path="/Users/jeanluctuyishime/Documents/projects/Codelab-native-app/src/styles/LoginStyle.js">
        <metrics statements="1" coveredstatements="1" conditionals="0" coveredconditionals="0" methods="0" coveredmethods="0"/>
        <line num="1" count="1" type="stmt"/>
      </file>
      <file name="LogoutStyle.js" path="/Users/jeanluctuyishime/Documents/projects/Codelab-native-app/src/styles/LogoutStyle.js">
        <metrics statements="1" coveredstatements="0" conditionals="0" coveredconditionals="0" methods="0" coveredmethods="0"/>
        <line num="1" count="0" type="stmt"/>
      </file>
    </package>
  </project>
</coverage>
