{"/Users/jeanluctuyishime/Documents/projects/Codelab-native-app/src/components/Header.js": {"path":"/Users/jeanluctuyishime/Documents/projects/Codelab-native-app/src/components/Header.js","statementMap":{"0":{"start":{"line":4,"column":15},"end":{"line":8,"column":1}},"1":{"start":{"line":5,"column":2},"end":{"line":7,"column":3}},"2":{"start":{"line":10,"column":15},"end":{"line":24,"column":1}}},"fnMap":{"0":{"name":"(anonymous_0)","decl":{"start":{"line":4,"column":15},"end":{"line":4,"column":16}},"loc":{"start":{"line":4,"column":26},"end":{"line":8,"column":1}},"line":4}},"branchMap":{},"s":{"0":1,"1":0,"2":1},"f":{"0":0},"b":{},"_coverageSchema":"43e27e138ebf9cfc5966b082cf9a028302ed4184","hash":"4224998ebafe4cdeed15ae57bd4c22ee122b493c"}
,"/Users/jeanluctuyishime/Documents/projects/Codelab-native-app/src/components/Input.js": {"path":"/Users/jeanluctuyishime/Documents/projects/Codelab-native-app/src/components/Input.js","statementMap":{"0":{"start":{"line":4,"column":14},"end":{"line":18,"column":1}},"1":{"start":{"line":5,"column":2},"end":{"line":17,"column":3}},"2":{"start":{"line":20,"column":15},"end":{"line":29,"column":1}}},"fnMap":{"0":{"name":"(anonymous_0)","decl":{"start":{"line":4,"column":14},"end":{"line":4,"column":15}},"loc":{"start":{"line":4,"column":25},"end":{"line":18,"column":1}},"line":4}},"branchMap":{},"s":{"0":1,"1":0,"2":1},"f":{"0":0},"b":{},"_coverageSchema":"43e27e138ebf9cfc5966b082cf9a028302ed4184","hash":"31bb19da3eb8678a23e503685fab67a01586b933"}
,"/Users/jeanluctuyishime/Documents/projects/Codelab-native-app/src/helpers/Connection.js": {"path":"/Users/jeanluctuyishime/Documents/projects/Codelab-native-app/src/helpers/Connection.js","statementMap":{"0":{"start":{"line":4,"column":22},"end":{"line":12,"column":4}}},"fnMap":{},"branchMap":{},"s":{"0":0},"f":{},"b":{},"hash":"f43372dd7f70cb406143c3fbeb35dbd2ddc319a4"}
,"/Users/jeanluctuyishime/Documents/projects/Codelab-native-app/src/helpers/displayUsers.js": {"path":"/Users/jeanluctuyishime/Documents/projects/Codelab-native-app/src/helpers/displayUsers.js","statementMap":{"0":{"start":{"line":2,"column":21},"end":{"line":16,"column":3}},"1":{"start":{"line":3,"column":17},"end":{"line":14,"column":5}},"2":{"start":{"line":5,"column":8},"end":{"line":13,"column":14}},"3":{"start":{"line":15,"column":4},"end":{"line":15,"column":16}}},"fnMap":{"0":{"name":"(anonymous_0)","decl":{"start":{"line":2,"column":21},"end":{"line":2,"column":22}},"loc":{"start":{"line":2,"column":31},"end":{"line":16,"column":3}},"line":2},"1":{"name":"(anonymous_1)","decl":{"start":{"line":4,"column":6},"end":{"line":4,"column":7}},"loc":{"start":{"line":5,"column":8},"end":{"line":13,"column":14}},"line":5}},"branchMap":{"0":{"loc":{"start":{"line":3,"column":18},"end":{"line":3,"column":60}},"type":"cond-expr","locations":[{"start":{"line":3,"column":43},"end":{"line":3,"column":55}},{"start":{"line":3,"column":58},"end":{"line":3,"column":60}}],"line":3},"1":{"loc":{"start":{"line":3,"column":18},"end":{"line":3,"column":40}},"type":"binary-expr","locations":[{"start":{"line":3,"column":18},"end":{"line":3,"column":24}},{"start":{"line":3,"column":28},"end":{"line":3,"column":40}}],"line":3},"2":{"loc":{"start":{"line":5,"column":8},"end":{"line":13,"column":14}},"type":"cond-expr","locations":[{"start":{"line":6,"column":12},"end":{"line":12,"column":13}},{"start":{"line":13,"column":12},"end":{"line":13,"column":14}}],"line":5}},"s":{"0":0,"1":0,"2":0,"3":0},"f":{"0":0,"1":0},"b":{"0":[0,0],"1":[0,0],"2":[0,0]},"hash":"42fed90975405554255e594362b134c13d69c766"}
,"/Users/jeanluctuyishime/Documents/projects/Codelab-native-app/src/helpers/graphqlQuery.js": {"path":"/Users/jeanluctuyishime/Documents/projects/Codelab-native-app/src/helpers/graphqlQuery.js","statementMap":{"0":{"start":{"line":3,"column":24},"end":{"line":39,"column":1}}},"fnMap":{},"branchMap":{},"s":{"0":0},"f":{},"b":{},"hash":"eb822cbfb2dd174dc5cd5eeb005adbc2c5260c64"}
,"/Users/jeanluctuyishime/Documents/projects/Codelab-native-app/src/screens/HomeScreen.js": {"path":"/Users/jeanluctuyishime/Documents/projects/Codelab-native-app/src/screens/HomeScreen.js","statementMap":{"0":{"start":{"line":22,"column":10},"end":{"line":24,"column":3}},"1":{"start":{"line":26,"column":17},"end":{"line":28,"column":3}},"2":{"start":{"line":27,"column":4},"end":{"line":27,"column":34}},"3":{"start":{"line":31,"column":27},"end":{"line":31,"column":37}},"4":{"start":{"line":34,"column":8},"end":{"line":34,"column":18}},"5":{"start":{"line":35,"column":22},"end":{"line":35,"column":35}},"6":{"start":{"line":36,"column":4},"end":{"line":84,"column":6}},"7":{"start":{"line":52,"column":39},"end":{"line":52,"column":55}},"8":{"start":{"line":54,"column":12},"end":{"line":74,"column":19}},"9":{"start":{"line":80,"column":25},"end":{"line":80,"column":50}}},"fnMap":{"0":{"name":"(anonymous_0)","decl":{"start":{"line":26,"column":17},"end":{"line":26,"column":18}},"loc":{"start":{"line":26,"column":27},"end":{"line":28,"column":3}},"line":26},"1":{"name":"(anonymous_1)","decl":{"start":{"line":30,"column":2},"end":{"line":30,"column":3}},"loc":{"start":{"line":30,"column":11},"end":{"line":85,"column":3}},"line":30},"2":{"name":"(anonymous_2)","decl":{"start":{"line":52,"column":24},"end":{"line":52,"column":25}},"loc":{"start":{"line":52,"column":39},"end":{"line":52,"column":55}},"line":52},"3":{"name":"(anonymous_3)","decl":{"start":{"line":53,"column":22},"end":{"line":53,"column":23}},"loc":{"start":{"line":54,"column":12},"end":{"line":74,"column":19}},"line":54},"4":{"name":"(anonymous_4)","decl":{"start":{"line":80,"column":19},"end":{"line":80,"column":20}},"loc":{"start":{"line":80,"column":25},"end":{"line":80,"column":50}},"line":80}},"branchMap":{"0":{"loc":{"start":{"line":36,"column":11},"end":{"line":84,"column":5}},"type":"cond-expr","locations":[{"start":{"line":37,"column":6},"end":{"line":39,"column":13}},{"start":{"line":41,"column":6},"end":{"line":83,"column":13}}],"line":36},"1":{"loc":{"start":{"line":64,"column":41},"end":{"line":64,"column":67}},"type":"binary-expr","locations":[{"start":{"line":64,"column":41},"end":{"line":64,"column":50}},{"start":{"line":64,"column":54},"end":{"line":64,"column":67}}],"line":64}},"s":{"0":0,"1":0,"2":0,"3":0,"4":0,"5":0,"6":0,"7":0,"8":0,"9":0},"f":{"0":0,"1":0,"2":0,"3":0,"4":0},"b":{"0":[0,0],"1":[0,0]},"hash":"47179584c48feb4c5568814b875516e2e26eed29"}
,"/Users/jeanluctuyishime/Documents/projects/Codelab-native-app/src/screens/LoadingScreen.js": {"path":"/Users/jeanluctuyishime/Documents/projects/Codelab-native-app/src/screens/LoadingScreen.js","statementMap":{"0":{"start":{"line":8,"column":24},"end":{"line":10,"column":5}},"1":{"start":{"line":9,"column":8},"end":{"line":9,"column":31}},"2":{"start":{"line":12,"column":19},"end":{"line":17,"column":2}},"3":{"start":{"line":13,"column":40},"end":{"line":13,"column":50}},"4":{"start":{"line":14,"column":3},"end":{"line":16,"column":5}},"5":{"start":{"line":15,"column":5},"end":{"line":15,"column":67}},"6":{"start":{"line":19,"column":4},"end":{"line":23,"column":6}}},"fnMap":{"0":{"name":"(anonymous_0)","decl":{"start":{"line":8,"column":24},"end":{"line":8,"column":25}},"loc":{"start":{"line":8,"column":30},"end":{"line":10,"column":5}},"line":8},"1":{"name":"(anonymous_1)","decl":{"start":{"line":12,"column":19},"end":{"line":12,"column":20}},"loc":{"start":{"line":12,"column":25},"end":{"line":17,"column":2}},"line":12},"2":{"name":"(anonymous_2)","decl":{"start":{"line":14,"column":38},"end":{"line":14,"column":39}},"loc":{"start":{"line":14,"column":48},"end":{"line":16,"column":4}},"line":14},"3":{"name":"(anonymous_3)","decl":{"start":{"line":18,"column":2},"end":{"line":18,"column":3}},"loc":{"start":{"line":18,"column":11},"end":{"line":24,"column":3}},"line":18}},"branchMap":{"0":{"loc":{"start":{"line":15,"column":12},"end":{"line":15,"column":67}},"type":"cond-expr","locations":[{"start":{"line":15,"column":19},"end":{"line":15,"column":41}},{"start":{"line":15,"column":44},"end":{"line":15,"column":67}}],"line":15}},"s":{"0":0,"1":0,"2":0,"3":0,"4":0,"5":0,"6":0},"f":{"0":0,"1":0,"2":0,"3":0},"b":{"0":[0,0]},"hash":"ba2417ac0111712ad8ae7298d8e411a3ea130fc0"}
,"/Users/jeanluctuyishime/Documents/projects/Codelab-native-app/src/screens/LoginScreen.js": {"path":"/Users/jeanluctuyishime/Documents/projects/Codelab-native-app/src/screens/LoginScreen.js","statementMap":{"0":{"start":{"line":15,"column":10},"end":{"line":19,"column":3}},"1":{"start":{"line":22,"column":4},"end":{"line":22,"column":48}},"2":{"start":{"line":23,"column":32},"end":{"line":23,"column":42}},"3":{"start":{"line":24,"column":4},"end":{"line":42,"column":9}},"4":{"start":{"line":29,"column":8},"end":{"line":41,"column":13}},"5":{"start":{"line":34,"column":28},"end":{"line":34,"column":38}},"6":{"start":{"line":35,"column":31},"end":{"line":35,"column":44}},"7":{"start":{"line":36,"column":12},"end":{"line":40,"column":13}},"8":{"start":{"line":37,"column":14},"end":{"line":37,"column":63}},"9":{"start":{"line":39,"column":14},"end":{"line":39,"column":59}},"10":{"start":{"line":46,"column":4},"end":{"line":51,"column":7}},"11":{"start":{"line":55,"column":4},"end":{"line":55,"column":59}},"12":{"start":{"line":59,"column":25},"end":{"line":59,"column":35}},"13":{"start":{"line":60,"column":4},"end":{"line":71,"column":6}},"14":{"start":{"line":75,"column":4},"end":{"line":104,"column":6}},"15":{"start":{"line":87,"column":37},"end":{"line":87,"column":61}},"16":{"start":{"line":97,"column":40},"end":{"line":97,"column":67}}},"fnMap":{"0":{"name":"(anonymous_0)","decl":{"start":{"line":21,"column":2},"end":{"line":21,"column":3}},"loc":{"start":{"line":21,"column":18},"end":{"line":43,"column":3}},"line":21},"1":{"name":"(anonymous_1)","decl":{"start":{"line":28,"column":13},"end":{"line":28,"column":14}},"loc":{"start":{"line":28,"column":19},"end":{"line":42,"column":7}},"line":28},"2":{"name":"(anonymous_2)","decl":{"start":{"line":33,"column":17},"end":{"line":33,"column":18}},"loc":{"start":{"line":33,"column":26},"end":{"line":41,"column":11}},"line":33},"3":{"name":"(anonymous_3)","decl":{"start":{"line":45,"column":2},"end":{"line":45,"column":3}},"loc":{"start":{"line":45,"column":19},"end":{"line":52,"column":3}},"line":45},"4":{"name":"(anonymous_4)","decl":{"start":{"line":54,"column":2},"end":{"line":54,"column":3}},"loc":{"start":{"line":54,"column":31},"end":{"line":56,"column":3}},"line":54},"5":{"name":"(anonymous_5)","decl":{"start":{"line":58,"column":2},"end":{"line":58,"column":3}},"loc":{"start":{"line":58,"column":17},"end":{"line":72,"column":3}},"line":58},"6":{"name":"(anonymous_6)","decl":{"start":{"line":74,"column":2},"end":{"line":74,"column":3}},"loc":{"start":{"line":74,"column":11},"end":{"line":105,"column":3}},"line":74},"7":{"name":"(anonymous_7)","decl":{"start":{"line":87,"column":28},"end":{"line":87,"column":29}},"loc":{"start":{"line":87,"column":37},"end":{"line":87,"column":61}},"line":87},"8":{"name":"(anonymous_8)","decl":{"start":{"line":97,"column":28},"end":{"line":97,"column":29}},"loc":{"start":{"line":97,"column":40},"end":{"line":97,"column":67}},"line":97}},"branchMap":{"0":{"loc":{"start":{"line":36,"column":12},"end":{"line":40,"column":13}},"type":"if","locations":[{"start":{"line":36,"column":12},"end":{"line":40,"column":13}},{"start":{"line":36,"column":12},"end":{"line":40,"column":13}}],"line":36},"1":{"loc":{"start":{"line":60,"column":11},"end":{"line":71,"column":5}},"type":"cond-expr","locations":[{"start":{"line":61,"column":6},"end":{"line":63,"column":13}},{"start":{"line":65,"column":6},"end":{"line":70,"column":25}}],"line":60}},"s":{"0":1,"1":0,"2":0,"3":0,"4":0,"5":0,"6":0,"7":0,"8":0,"9":0,"10":0,"11":0,"12":1,"13":1,"14":1,"15":0,"16":0},"f":{"0":0,"1":0,"2":0,"3":0,"4":0,"5":1,"6":1,"7":0,"8":0},"b":{"0":[0,0],"1":[0,1]},"_coverageSchema":"43e27e138ebf9cfc5966b082cf9a028302ed4184","hash":"d7f9d0072079c75afb5bb8e441758395f3cf95a9"}
,"/Users/jeanluctuyishime/Documents/projects/Codelab-native-app/src/styles/ImageStyle.js": {"path":"/Users/jeanluctuyishime/Documents/projects/Codelab-native-app/src/styles/ImageStyle.js","statementMap":{"0":{"start":{"line":1,"column":26},"end":{"line":7,"column":1}}},"fnMap":{},"branchMap":{},"s":{"0":0},"f":{},"b":{},"hash":"2952075560272569202ec3798722e19e3deb9a15"}
,"/Users/jeanluctuyishime/Documents/projects/Codelab-native-app/src/styles/LoadingStyle.js": {"path":"/Users/jeanluctuyishime/Documents/projects/Codelab-native-app/src/styles/LoadingStyle.js","statementMap":{"0":{"start":{"line":1,"column":27},"end":{"line":8,"column":1}}},"fnMap":{},"branchMap":{},"s":{"0":0},"f":{},"b":{},"hash":"433f4c3cc6fd302cd36b696f82032868704c7197"}
,"/Users/jeanluctuyishime/Documents/projects/Codelab-native-app/src/styles/LoginStyle.js": {"path":"/Users/jeanluctuyishime/Documents/projects/Codelab-native-app/src/styles/LoginStyle.js","statementMap":{"0":{"start":{"line":1,"column":22},"end":{"line":35,"column":3}}},"fnMap":{},"branchMap":{},"s":{"0":1},"f":{},"b":{},"_coverageSchema":"43e27e138ebf9cfc5966b082cf9a028302ed4184","hash":"7a197c331abdd9a3ef16a9440213c9207892c649"}
,"/Users/jeanluctuyishime/Documents/projects/Codelab-native-app/src/styles/LogoutStyle.js": {"path":"/Users/jeanluctuyishime/Documents/projects/Codelab-native-app/src/styles/LogoutStyle.js","statementMap":{"0":{"start":{"line":1,"column":22},"end":{"line":58,"column":1}}},"fnMap":{},"branchMap":{},"s":{"0":0},"f":{},"b":{},"hash":"08a2869964bc460c042fcf4c64401a915820288c"}
}
