TN:
SF:/Users/jeanluctuyishime/Documents/projects/Codelab-native-app/src/components/Header.js
FN:4,(anonymous_0)
FNF:1
FNH:0
FNDA:0,(anonymous_0)
DA:4,1
DA:5,0
DA:10,1
LF:3
LH:2
BRF:0
BRH:0
end_of_record
TN:
SF:/Users/jeanluctuyishime/Documents/projects/Codelab-native-app/src/components/Input.js
FN:4,(anonymous_0)
FNF:1
FNH:0
FNDA:0,(anonymous_0)
DA:4,1
DA:5,0
DA:20,1
LF:3
LH:2
BRF:0
BRH:0
end_of_record
TN:
SF:/Users/jeanluctuyishime/Documents/projects/Codelab-native-app/src/helpers/Connection.js
FNF:0
FNH:0
DA:4,0
LF:1
LH:0
BRF:0
BRH:0
end_of_record
TN:
SF:/Users/jeanluctuyishime/Documents/projects/Codelab-native-app/src/helpers/displayUsers.js
FN:2,(anonymous_0)
FN:4,(anonymous_1)
FNF:2
FNH:0
FNDA:0,(anonymous_0)
FNDA:0,(anonymous_1)
DA:2,0
DA:3,0
DA:5,0
DA:15,0
LF:4
LH:0
BRDA:3,0,0,0
BRDA:3,0,1,0
BRDA:3,1,0,0
BRDA:3,1,1,0
BRDA:5,2,0,0
BRDA:5,2,1,0
BRF:6
BRH:0
end_of_record
TN:
SF:/Users/jeanluctuyishime/Documents/projects/Codelab-native-app/src/helpers/graphqlQuery.js
FNF:0
FNH:0
DA:3,0
LF:1
LH:0
BRF:0
BRH:0
end_of_record
TN:
SF:/Users/jeanluctuyishime/Documents/projects/Codelab-native-app/src/screens/HomeScreen.js
FN:26,(anonymous_0)
FN:30,(anonymous_1)
FN:52,(anonymous_2)
FN:53,(anonymous_3)
FN:80,(anonymous_4)
FNF:5
FNH:0
FNDA:0,(anonymous_0)
FNDA:0,(anonymous_1)
FNDA:0,(anonymous_2)
FNDA:0,(anonymous_3)
FNDA:0,(anonymous_4)
DA:22,0
DA:26,0
DA:27,0
DA:31,0
DA:34,0
DA:35,0
DA:36,0
DA:52,0
DA:54,0
DA:80,0
LF:10
LH:0
BRDA:36,0,0,0
BRDA:36,0,1,0
BRDA:64,1,0,0
BRDA:64,1,1,0
BRF:4
BRH:0
end_of_record
TN:
SF:/Users/jeanluctuyishime/Documents/projects/Codelab-native-app/src/screens/LoadingScreen.js
FN:8,(anonymous_0)
FN:12,(anonymous_1)
FN:14,(anonymous_2)
FN:18,(anonymous_3)
FNF:4
FNH:0
FNDA:0,(anonymous_0)
FNDA:0,(anonymous_1)
FNDA:0,(anonymous_2)
FNDA:0,(anonymous_3)
DA:8,0
DA:9,0
DA:12,0
DA:13,0
DA:14,0
DA:15,0
DA:19,0
LF:7
LH:0
BRDA:15,0,0,0
BRDA:15,0,1,0
BRF:2
BRH:0
end_of_record
TN:
SF:/Users/jeanluctuyishime/Documents/projects/Codelab-native-app/src/screens/LoginScreen.js
FN:21,(anonymous_0)
FN:28,(anonymous_1)
FN:33,(anonymous_2)
FN:45,(anonymous_3)
FN:54,(anonymous_4)
FN:58,(anonymous_5)
FN:74,(anonymous_6)
FN:87,(anonymous_7)
FN:97,(anonymous_8)
FNF:9
FNH:2
FNDA:0,(anonymous_0)
FNDA:0,(anonymous_1)
FNDA:0,(anonymous_2)
FNDA:0,(anonymous_3)
FNDA:0,(anonymous_4)
FNDA:1,(anonymous_5)
FNDA:1,(anonymous_6)
FNDA:0,(anonymous_7)
FNDA:0,(anonymous_8)
DA:15,1
DA:22,0
DA:23,0
DA:24,0
DA:29,0
DA:34,0
DA:35,0
DA:36,0
DA:37,0
DA:39,0
DA:46,0
DA:55,0
DA:59,1
DA:60,1
DA:75,1
DA:87,0
DA:97,0
LF:17
LH:4
BRDA:36,0,0,0
BRDA:36,0,1,0
BRDA:60,1,0,0
BRDA:60,1,1,1
BRF:4
BRH:1
end_of_record
TN:
SF:/Users/jeanluctuyishime/Documents/projects/Codelab-native-app/src/styles/ImageStyle.js
FNF:0
FNH:0
DA:1,0
LF:1
LH:0
BRF:0
BRH:0
end_of_record
TN:
SF:/Users/jeanluctuyishime/Documents/projects/Codelab-native-app/src/styles/LoadingStyle.js
FNF:0
FNH:0
DA:1,0
LF:1
LH:0
BRF:0
BRH:0
end_of_record
TN:
SF:/Users/jeanluctuyishime/Documents/projects/Codelab-native-app/src/styles/LoginStyle.js
FNF:0
FNH:0
DA:1,1
LF:1
LH:1
BRF:0
BRH:0
end_of_record
TN:
SF:/Users/jeanluctuyishime/Documents/projects/Codelab-native-app/src/styles/LogoutStyle.js
FNF:0
FNH:0
DA:1,0
LF:1
LH:0
BRF:0
BRH:0
end_of_record
